<?xml version="1.0" encoding="UTF-8"?>
<testng-results ignored="0" total="1" passed="1" failed="0" skipped="0">
  <reporter-output>
  </reporter-output>
  <suite started-at="2024-07-17T18:37:20 IST" name="SeleniumAutomationSuite" finished-at="2024-07-17T18:37:31 IST" duration-ms="11232">
    <groups>
    </groups>
    <test started-at="2024-07-17T18:37:20 IST" name="SampleTest" finished-at="2024-07-17T18:37:31 IST" duration-ms="11232">
      <class name="tests.SampleTest">
        <test-method is-config="true" signature="setUp(java.lang.String)[pri:0, instance:tests.SampleTest@38ba6ce3]" started-at="2024-07-17T18:37:20 IST" name="setUp" finished-at="2024-07-17T18:37:28 IST" duration-ms="7708" status="PASS">
          <params>
            <param index="0">
              <value>
                <![CDATA[chrome]]>
              </value>
            </param>
          </params>
          <reporter-output>
          </reporter-output>
        </test-method> <!-- setUp -->
        <test-method signature="sampleTest()[pri:0, instance:tests.SampleTest@38ba6ce3]" started-at="2024-07-17T18:37:28 IST" name="sampleTest" finished-at="2024-07-17T18:37:30 IST" duration-ms="1911" status="PASS">
          <reporter-output>
          </reporter-output>
        </test-method> <!-- sampleTest -->
        <test-method is-config="true" signature="tearDown()[pri:0, instance:tests.SampleTest@38ba6ce3]" started-at="2024-07-17T18:37:30 IST" name="tearDown" finished-at="2024-07-17T18:37:31 IST" duration-ms="642" status="PASS">
          <reporter-output>
          </reporter-output>
        </test-method> <!-- tearDown -->
      </class> <!-- tests.SampleTest -->
    </test> <!-- SampleTest -->
  </suite> <!-- SeleniumAutomationSuite -->
</testng-results>
